<?xml version="1.0" encoding="UTF-8"?>
<!-- Generated by org.testng.reporters.JUnitXMLReporter -->
<testsuite hostname="DESKTOP-V5MLE2I" ignored="1" name="Test" tests="2" failures="0" timestamp="2021-09-08T08:54:01 IST" time="5.763" errors="0">
  <testcase name="login" time="1.322" classname="testcases.LoginTest"/>
  <testcase name="searchShares" time="4.212" classname="testcases.DashBoardTest"/>
  <testcase name="@BeforeSuite initBrowser" time="0.0" classname="testcases.BaseTest">
    <ignored/>
  </testcase> <!-- @BeforeSuite initBrowser -->
</testsuite> <!-- Test -->
